# JRE version: OpenJDK Runtime Environment Temurin-21.0.6+7 (21.0.6+7) (build 21.0.6+7-LTS)
# Java VM: OpenJDK 64-Bit Server VM Temurin-21.0.6+7 (21.0.6+7-LTS, mixed mode, sharing, tiered, compressed oops, compressed class ptrs, g1 gc, windows-amd64)
GC Precious Log:
 CardTable entry size: 512
 Card Set container configuration: InlinePtr #cards 5 size 8 Array Of Cards #cards 12 size 40 Howl #buckets 4 coarsen threshold 1843 Howl Bitmap #cards 512 size 80 coarsen threshold 460 Card regions per heap region 1 cards per card region 2048
 CPUs: 4 total, 4 available
 Memory: 3918M
 Large Page Support: Disabled
 NUMA Support: Disabled
 Compressed Oops: Enabled (32-bit)
 Heap Region Size: 1M
 Heap Min Capacity: 8M
 Heap Initial Capacity: 62M
 Heap Max Capacity: 980M
 Pre-touch: Disabled
 Parallel Workers: 4
 Concurrent Workers: 1
 Concurrent Refinement Workers: 4
 Periodic GC: Disabled
Heap:
 garbage-first heap   total 126976K, used 77824K [0x00000000c2c00000, 0x0000000100000000)
  region size 1024K, 2 young (2048K), 1 survivors (1024K)
 Metaspace       used 58361K, committed 59072K, reserved 1114112K
  class space    used 6554K, committed 6912K, reserved 1048576K
GC Heap History (20 events):
Event: 101.937 GC heap before
{Heap before GC invocations=26 (full 0):
 garbage-first heap   total 89088K, used 65024K [0x00000000c2c00000, 0x0000000100000000)
  region size 1024K, 15 young (15360K), 3 survivors (3072K)
 Metaspace       used 51015K, committed 51776K, reserved 1114112K
  class space    used 6028K, committed 6400K, reserved 1048576K
}
Event: 101.971 GC heap after
{Heap after GC invocations=27 (full 0):
 garbage-first heap   total 89088K, used 54784K [0x00000000c2c00000, 0x0000000100000000)
  region size 1024K, 2 young (2048K), 2 survivors (2048K)
 Metaspace       used 51015K, committed 51776K, reserved 1114112K
  class space    used 6028K, committed 6400K, reserved 1048576K
}
Event: 105.853 GC heap before
{Heap before GC invocations=27 (full 0):
 garbage-first heap   total 89088K, used 78336K [0x00000000c2c00000, 0x0000000100000000)
  region size 1024K, 25 young (25600K), 2 survivors (2048K)
 Metaspace       used 51925K, committed 52672K, reserved 1114112K
  class space    used 6087K, committed 6464K, reserved 1048576K
}
Event: 105.882 GC heap after
{Heap after GC invocations=28 (full 0):
 garbage-first heap   total 89088K, used 56395K [0x00000000c2c00000, 0x0000000100000000)
  region size 1024K, 4 young (4096K), 4 survivors (4096K)
 Metaspace       used 51925K, committed 52672K, reserved 1114112K
  class space    used 6087K, committed 6464K, reserved 1048576K
}
Event: 115.467 GC heap before
{Heap before GC invocations=28 (full 0):
 garbage-first heap   total 89088K, used 78923K [0x00000000c2c00000, 0x0000000100000000)
  region size 1024K, 26 young (26624K), 4 survivors (4096K)
 Metaspace       used 53367K, committed 54144K, reserved 1114112K
  class space    used 6198K, committed 6592K, reserved 1048576K
}
Event: 115.511 GC heap after
{Heap after GC invocations=29 (full 0):
 garbage-first heap   total 89088K, used 58716K [0x00000000c2c00000, 0x0000000100000000)
  region size 1024K, 4 young (4096K), 4 survivors (4096K)
 Metaspace       used 53367K, committed 54144K, reserved 1114112K
  class space    used 6198K, committed 6592K, reserved 1048576K
}
Event: 123.820 GC heap before
{Heap before GC invocations=30 (full 0):
 garbage-first heap   total 99328K, used 78172K [0x00000000c2c00000, 0x0000000100000000)
  region size 1024K, 23 young (23552K), 4 survivors (4096K)
 Metaspace       used 55258K, committed 56064K, reserved 1114112K
  class space    used 6329K, committed 6720K, reserved 1048576K
}
Event: 123.868 GC heap after
{Heap after GC invocations=31 (full 0):
 garbage-first heap   total 99328K, used 60904K [0x00000000c2c00000, 0x0000000100000000)
  region size 1024K, 2 young (2048K), 2 survivors (2048K)
 Metaspace       used 55258K, committed 56064K, reserved 1114112K
  class space    used 6329K, committed 6720K, reserved 1048576K
}
Event: 134.289 GC heap before
{Heap before GC invocations=31 (full 0):
 garbage-first heap   total 99328K, used 90600K [0x00000000c2c00000, 0x0000000100000000)
  region size 1024K, 29 young (29696K), 2 survivors (2048K)
 Metaspace       used 56263K, committed 57088K, reserved 1114112K
  class space    used 6408K, committed 6784K, reserved 1048576K
}
Event: 134.326 GC heap after
{Heap after GC invocations=32 (full 0):
 garbage-first heap   total 99328K, used 66212K [0x00000000c2c00000, 0x0000000100000000)
  region size 1024K, 4 young (4096K), 4 survivors (4096K)
 Metaspace       used 56263K, committed 57088K, reserved 1114112K
  class space    used 6408K, committed 6784K, reserved 1048576K
}
Event: 144.024 GC heap before
{Heap before GC invocations=32 (full 0):
 garbage-first heap   total 99328K, used 88740K [0x00000000c2c00000, 0x0000000100000000)
  region size 1024K, 26 young (26624K), 4 survivors (4096K)
 Metaspace       used 56780K, committed 57600K, reserved 1114112K
  class space    used 6437K, committed 6848K, reserved 1048576K
}
Event: 144.071 GC heap after
{Heap after GC invocations=33 (full 0):
 garbage-first heap   total 99328K, used 69327K [0x00000000c2c00000, 0x0000000100000000)
  region size 1024K, 3 young (3072K), 3 survivors (3072K)
 Metaspace       used 56780K, committed 57600K, reserved 1114112K
  class space    used 6437K, committed 6848K, reserved 1048576K
}
Event: 149.256 GC heap before
{Heap before GC invocations=34 (full 0):
 garbage-first heap   total 116736K, used 89807K [0x00000000c2c00000, 0x0000000100000000)
  region size 1024K, 22 young (22528K), 3 survivors (3072K)
 Metaspace       used 57329K, committed 58112K, reserved 1114112K
  class space    used 6498K, committed 6912K, reserved 1048576K
}
Event: 149.275 GC heap after
{Heap after GC invocations=35 (full 0):
 garbage-first heap   total 116736K, used 71027K [0x00000000c2c00000, 0x0000000100000000)
  region size 1024K, 2 young (2048K), 2 survivors (2048K)
 Metaspace       used 57329K, committed 58112K, reserved 1114112K
  class space    used 6498K, committed 6912K, reserved 1048576K
}
Event: 176.168 GC heap before
{Heap before GC invocations=35 (full 0):
 garbage-first heap   total 116736K, used 105843K [0x00000000c2c00000, 0x0000000100000000)
  region size 1024K, 36 young (36864K), 2 survivors (2048K)
 Metaspace       used 57800K, committed 58560K, reserved 1114112K
  class space    used 6530K, committed 6912K, reserved 1048576K
}
Event: 176.611 GC heap after
{Heap after GC invocations=36 (full 0):
 garbage-first heap   total 116736K, used 72618K [0x00000000c2c00000, 0x0000000100000000)
  region size 1024K, 5 young (5120K), 5 survivors (5120K)
 Metaspace       used 57800K, committed 58560K, reserved 1114112K
  class space    used 6530K, committed 6912K, reserved 1048576K
}
Event: 188.137 GC heap before
{Heap before GC invocations=36 (full 0):
 garbage-first heap   total 116736K, used 103338K [0x00000000c2c00000, 0x0000000100000000)
  region size 1024K, 35 young (35840K), 5 survivors (5120K)
 Metaspace       used 58088K, committed 58816K, reserved 1114112K
  class space    used 6545K, committed 6912K, reserved 1048576K
}
Event: 188.229 GC heap after
{Heap after GC invocations=37 (full 0):
 garbage-first heap   total 116736K, used 74845K [0x00000000c2c00000, 0x0000000100000000)
  region size 1024K, 5 young (5120K), 5 survivors (5120K)
 Metaspace       used 58088K, committed 58816K, reserved 1114112K
  class space    used 6545K, committed 6912K, reserved 1048576K
}
Event: 199.329 GC heap before
{Heap before GC invocations=38 (full 0):
 garbage-first heap   total 126976K, used 103517K [0x00000000c2c00000, 0x0000000100000000)
  region size 1024K, 33 young (33792K), 5 survivors (5120K)
 Metaspace       used 58330K, committed 59072K, reserved 1114112K
  class space    used 6552K, committed 6912K, reserved 1048576K
}
Event: 199.498 GC heap after
{Heap after GC invocations=39 (full 0):
 garbage-first heap   total 126976K, used 76594K [0x00000000c2c00000, 0x0000000100000000)
  region size 1024K, 4 young (4096K), 4 survivors (4096K)
 Metaspace       used 58330K, committed 59072K, reserved 1114112K
  class space    used 6552K, committed 6912K, reserved 1048576K
}

