# JRE version: OpenJDK Runtime Environment Temurin-21.0.6+7 (21.0.6+7) (build 21.0.6+7-LTS)
# Java VM: OpenJDK 64-Bit Server VM Temurin-21.0.6+7 (21.0.6+7-LTS, mixed mode, sharing, tiered, compressed oops, compressed class ptrs, g1 gc, windows-amd64)
GC Precious Log:
 CardTable entry size: 512
 Card Set container configuration: InlinePtr #cards 5 size 8 Array Of Cards #cards 12 size 40 Howl #buckets 4 coarsen threshold 1843 Howl Bitmap #cards 512 size 80 coarsen threshold 460 Card regions per heap region 1 cards per card region 2048
 CPUs: 4 total, 4 available
 Memory: 3918M
 Large Page Support: Disabled
 NUMA Support: Disabled
 Compressed Oops: Enabled (32-bit)
 Heap Region Size: 1M
 Heap Min Capacity: 8M
 Heap Initial Capacity: 62M
 Heap Max Capacity: 980M
 Pre-touch: Disabled
 Parallel Workers: 4
 Concurrent Workers: 1
 Concurrent Refinement Workers: 4
 Periodic GC: Disabled
Heap:
 garbage-first heap   total 133120K, used 97997K [0x00000000c2c00000, 0x0000000100000000)
  region size 1024K, 20 young (20480K), 6 survivors (6144K)
 Metaspace       used 58968K, committed 59776K, reserved 1114112K
  class space    used 6608K, committed 7040K, reserved 1048576K
GC Heap History (20 events):
Event: 120.734 GC heap before
{Heap before GC invocations=21 (full 0):
 garbage-first heap   total 96256K, used 68386K [0x00000000c2c00000, 0x0000000100000000)
  region size 1024K, 15 young (15360K), 3 survivors (3072K)
 Metaspace       used 52339K, committed 53120K, reserved 1114112K
  class space    used 6169K, committed 6528K, reserved 1048576K
}
Event: 120.772 GC heap after
{Heap after GC invocations=22 (full 0):
 garbage-first heap   total 96256K, used 60416K [0x00000000c2c00000, 0x0000000100000000)
  region size 1024K, 2 young (2048K), 2 survivors (2048K)
 Metaspace       used 52339K, committed 53120K, reserved 1114112K
  class space    used 6169K, committed 6528K, reserved 1048576K
}
Event: 125.175 GC heap before
{Heap before GC invocations=22 (full 0):
 garbage-first heap   total 96256K, used 83968K [0x00000000c2c00000, 0x0000000100000000)
  region size 1024K, 25 young (25600K), 2 survivors (2048K)
 Metaspace       used 53368K, committed 54144K, reserved 1114112K
  class space    used 6216K, committed 6592K, reserved 1048576K
}
Event: 125.215 GC heap after
{Heap after GC invocations=23 (full 0):
 garbage-first heap   total 96256K, used 64216K [0x00000000c2c00000, 0x0000000100000000)
  region size 1024K, 4 young (4096K), 4 survivors (4096K)
 Metaspace       used 53368K, committed 54144K, reserved 1114112K
  class space    used 6216K, committed 6592K, reserved 1048576K
}
Event: 129.873 GC heap before
{Heap before GC invocations=23 (full 0):
 garbage-first heap   total 96256K, used 84696K [0x00000000c2c00000, 0x0000000100000000)
  region size 1024K, 24 young (24576K), 4 survivors (4096K)
 Metaspace       used 53861K, committed 54592K, reserved 1114112K
  class space    used 6223K, committed 6592K, reserved 1048576K
}
Event: 129.920 GC heap after
{Heap after GC invocations=24 (full 0):
 garbage-first heap   total 96256K, used 68608K [0x00000000c2c00000, 0x0000000100000000)
  region size 1024K, 3 young (3072K), 3 survivors (3072K)
 Metaspace       used 53861K, committed 54592K, reserved 1114112K
  class space    used 6223K, committed 6592K, reserved 1048576K
}
Event: 131.853 GC heap before
{Heap before GC invocations=24 (full 0):
 garbage-first heap   total 96256K, used 86016K [0x00000000c2c00000, 0x0000000100000000)
  region size 1024K, 20 young (20480K), 3 survivors (3072K)
 Metaspace       used 53899K, committed 54656K, reserved 1114112K
  class space    used 6223K, committed 6592K, reserved 1048576K
}
Event: 131.882 GC heap after
{Heap after GC invocations=25 (full 0):
 garbage-first heap   total 96256K, used 72112K [0x00000000c2c00000, 0x0000000100000000)
  region size 1024K, 3 young (3072K), 3 survivors (3072K)
 Metaspace       used 53899K, committed 54656K, reserved 1114112K
  class space    used 6223K, committed 6592K, reserved 1048576K
}
Event: 135.728 GC heap before
{Heap before GC invocations=26 (full 0):
 garbage-first heap   total 121856K, used 85424K [0x00000000c2c00000, 0x0000000100000000)
  region size 1024K, 16 young (16384K), 3 survivors (3072K)
 Metaspace       used 54196K, committed 54976K, reserved 1114112K
  class space    used 6241K, committed 6656K, reserved 1048576K
}
Event: 135.753 GC heap after
{Heap after GC invocations=27 (full 0):
 garbage-first heap   total 121856K, used 74081K [0x00000000c2c00000, 0x0000000100000000)
  region size 1024K, 2 young (2048K), 2 survivors (2048K)
 Metaspace       used 54196K, committed 54976K, reserved 1114112K
  class space    used 6241K, committed 6656K, reserved 1048576K
}
Event: 144.523 GC heap before
{Heap before GC invocations=27 (full 0):
 garbage-first heap   total 121856K, used 106849K [0x00000000c2c00000, 0x0000000100000000)
  region size 1024K, 33 young (33792K), 2 survivors (2048K)
 Metaspace       used 55316K, committed 56128K, reserved 1114112K
  class space    used 6326K, committed 6720K, reserved 1048576K
}
Event: 144.560 GC heap after
{Heap after GC invocations=28 (full 0):
 garbage-first heap   total 121856K, used 76800K [0x00000000c2c00000, 0x0000000100000000)
  region size 1024K, 5 young (5120K), 5 survivors (5120K)
 Metaspace       used 55316K, committed 56128K, reserved 1114112K
  class space    used 6326K, committed 6720K, reserved 1048576K
}
Event: 151.545 GC heap before
{Heap before GC invocations=28 (full 0):
 garbage-first heap   total 121856K, used 107520K [0x00000000c2c00000, 0x0000000100000000)
  region size 1024K, 35 young (35840K), 5 survivors (5120K)
 Metaspace       used 56269K, committed 57088K, reserved 1114112K
  class space    used 6397K, committed 6784K, reserved 1048576K
}
Event: 151.643 GC heap after
{Heap after GC invocations=29 (full 0):
 garbage-first heap   total 121856K, used 79079K [0x00000000c2c00000, 0x0000000100000000)
  region size 1024K, 2 young (2048K), 2 survivors (2048K)
 Metaspace       used 56269K, committed 57088K, reserved 1114112K
  class space    used 6397K, committed 6784K, reserved 1048576K
}
Event: 157.889 GC heap before
{Heap before GC invocations=29 (full 0):
 garbage-first heap   total 121856K, used 109799K [0x00000000c2c00000, 0x0000000100000000)
  region size 1024K, 32 young (32768K), 2 survivors (2048K)
 Metaspace       used 56617K, committed 57408K, reserved 1114112K
  class space    used 6419K, committed 6784K, reserved 1048576K
}
Event: 157.914 GC heap after
{Heap after GC invocations=30 (full 0):
 garbage-first heap   total 121856K, used 79035K [0x00000000c2c00000, 0x0000000100000000)
  region size 1024K, 2 young (2048K), 2 survivors (2048K)
 Metaspace       used 56617K, committed 57408K, reserved 1114112K
  class space    used 6419K, committed 6784K, reserved 1048576K
}
Event: 168.447 GC heap before
{Heap before GC invocations=31 (full 0):
 garbage-first heap   total 133120K, used 110779K [0x00000000c2c00000, 0x0000000100000000)
  region size 1024K, 33 young (33792K), 2 survivors (2048K)
 Metaspace       used 57143K, committed 57984K, reserved 1114112K
  class space    used 6444K, committed 6848K, reserved 1048576K
}
Event: 168.472 GC heap after
{Heap after GC invocations=32 (full 0):
 garbage-first heap   total 133120K, used 81273K [0x00000000c2c00000, 0x0000000100000000)
  region size 1024K, 4 young (4096K), 4 survivors (4096K)
 Metaspace       used 57143K, committed 57984K, reserved 1114112K
  class space    used 6444K, committed 6848K, reserved 1048576K
}
Event: 194.288 GC heap before
{Heap before GC invocations=32 (full 0):
 garbage-first heap   total 133120K, used 121209K [0x00000000c2c00000, 0x0000000100000000)
  region size 1024K, 43 young (44032K), 4 survivors (4096K)
 Metaspace       used 58747K, committed 59520K, reserved 1114112K
  class space    used 6598K, committed 6976K, reserved 1048576K
}
Event: 194.584 GC heap after
{Heap after GC invocations=33 (full 0):
 garbage-first heap   total 133120K, used 84685K [0x00000000c2c00000, 0x0000000100000000)
  region size 1024K, 6 young (6144K), 6 survivors (6144K)
 Metaspace       used 58747K, committed 59520K, reserved 1114112K
  class space    used 6598K, committed 6976K, reserved 1048576K
}

